2013-08-13 15:27:45 [SERVER] [INFO] Starting integrated minecraft server version 1.6.2
2013-08-13 15:27:45 [SERVER] [INFO] Generating keypair
2013-08-13 15:27:45 [SERVER] [INFO] Converting map!
2013-08-13 15:27:45 [SERVER] [INFO] Scanning folders...
2013-08-13 15:27:45 [SERVER] [INFO] Total conversion count is 0
2013-08-13 15:27:45 [SERVER] [INFO] Preparing start region for level 0
2013-08-13 15:27:46 [SERVER] [INFO] Preparing spawn area: 21%
2013-08-13 15:27:47 [SERVER] [INFO] Preparing spawn area: 45%
2013-08-13 15:27:48 [SERVER] [INFO] Preparing spawn area: 73%
2013-08-13 15:27:49 [SERVER] [INFO] deathsshado0[/127.0.0.1:0] logged in with entity id 240 at (-183.5, 64.0, 105.5)
2013-08-13 15:27:49 [SERVER] [INFO] deathsshado0 joined the game
2013-08-13 15:27:52 [SERVER] [INFO] Saving and pausing game...
2013-08-13 15:27:52 [SERVER] [INFO] Saving chunks for level 'Monkeys!'/Overworld
2013-08-13 15:27:58 [SERVER] [INFO] Saving chunks for level 'Monkeys!'/Nether
2013-08-13 15:27:58 [SERVER] [INFO] Saving chunks for level 'Monkeys!'/The End
2013-08-13 15:27:58 [SERVER] [WARNING] Can't keep up! Did the system time change, or is the server overloaded?
2013-08-13 15:28:00 [SERVER] [INFO] Saving and pausing game...
2013-08-13 15:28:00 [SERVER] [INFO] Saving chunks for level 'Monkeys!'/Overworld
2013-08-13 15:28:01 [SERVER] [INFO] Saving chunks for level 'Monkeys!'/Nether
2013-08-13 15:28:01 [SERVER] [INFO] Saving chunks for level 'Monkeys!'/The End
2013-08-13 15:29:32 [SERVER] [INFO] Saving and pausing game...
2013-08-13 15:29:32 [SERVER] [INFO] Saving chunks for level 'Monkeys!'/Overworld
2013-08-13 15:29:32 [SERVER] [INFO] Saving chunks for level 'Monkeys!'/Nether
2013-08-13 15:29:32 [SERVER] [INFO] Saving chunks for level 'Monkeys!'/The End
2013-08-13 15:29:34 [SERVER] [INFO] Stopping server
2013-08-13 15:29:34 [SERVER] [INFO] Saving players
2013-08-13 15:29:34 [SERVER] [INFO] deathsshado0 left the game
2013-08-13 15:29:34 [SERVER] [INFO] Saving worlds
2013-08-13 15:29:34 [SERVER] [INFO] Saving chunks for level 'Monkeys!'/Overworld
2013-08-13 15:29:34 [SERVER] [INFO] Saving chunks for level 'Monkeys!'/Nether
2013-08-13 15:29:34 [SERVER] [INFO] Saving chunks for level 'Monkeys!'/The End
2013-09-20 17:04:53 [SERVER] [INFO] Starting integrated minecraft server version 1.6.4
2013-09-20 17:04:53 [SERVER] [INFO] Generating keypair
2013-09-20 17:04:53 [SERVER] [INFO] Preparing start region for level 0
2013-09-20 17:04:54 [SERVER] [INFO] valordrone[/127.0.0.1:0] logged in with entity id 375 at (-235.3724521873634, 68.0, 98.49449006291499)
2013-09-20 17:04:54 [SERVER] [INFO] valordrone joined the game
2013-09-20 17:06:03 [SERVER] [INFO] Saving and pausing game...
2013-09-20 17:06:03 [SERVER] [INFO] Saving chunks for level 'Monkeys!'/Overworld
2013-09-20 17:06:03 [SERVER] [INFO] Saving chunks for level 'Monkeys!'/Nether
2013-09-20 17:06:03 [SERVER] [INFO] Saving chunks for level 'Monkeys!'/The End
2013-09-20 17:06:26 [SERVER] [INFO] Saving and pausing game...
2013-09-20 17:06:26 [SERVER] [INFO] Saving chunks for level 'Monkeys!'/Overworld
2013-09-20 17:06:26 [SERVER] [INFO] Saving chunks for level 'Monkeys!'/Nether
2013-09-20 17:06:26 [SERVER] [INFO] Saving chunks for level 'Monkeys!'/The End
2013-09-20 17:07:11 [SERVER] [INFO] Saving and pausing game...
2013-09-20 17:07:11 [SERVER] [INFO] Saving chunks for level 'Monkeys!'/Overworld
2013-09-20 17:07:11 [SERVER] [INFO] Saving chunks for level 'Monkeys!'/Nether
2013-09-20 17:07:11 [SERVER] [INFO] Saving chunks for level 'Monkeys!'/The End
2013-09-20 17:08:01 [SERVER] [INFO] Saving and pausing game...
2013-09-20 17:08:01 [SERVER] [INFO] Saving chunks for level 'Monkeys!'/Overworld
2013-09-20 17:08:01 [SERVER] [INFO] Saving chunks for level 'Monkeys!'/Nether
2013-09-20 17:08:01 [SERVER] [INFO] Saving chunks for level 'Monkeys!'/The End
2013-09-20 17:08:31 [SERVER] [INFO] Saving and pausing game...
2013-09-20 17:08:31 [SERVER] [INFO] Saving chunks for level 'Monkeys!'/Overworld
2013-09-20 17:08:31 [SERVER] [INFO] Saving chunks for level 'Monkeys!'/Nether
2013-09-20 17:08:31 [SERVER] [INFO] Saving chunks for level 'Monkeys!'/The End
2013-09-20 17:10:09 [SERVER] [INFO] Saving and pausing game...
2013-09-20 17:10:09 [SERVER] [INFO] Saving chunks for level 'Monkeys!'/Overworld
2013-09-20 17:10:09 [SERVER] [INFO] Saving chunks for level 'Monkeys!'/Nether
2013-09-20 17:10:09 [SERVER] [INFO] Saving chunks for level 'Monkeys!'/The End
2013-09-20 17:10:57 [SERVER] [INFO] Saving and pausing game...
2013-09-20 17:10:57 [SERVER] [INFO] Saving chunks for level 'Monkeys!'/Overworld
2013-09-20 17:10:57 [SERVER] [INFO] Saving chunks for level 'Monkeys!'/Nether
2013-09-20 17:10:57 [SERVER] [INFO] Saving chunks for level 'Monkeys!'/The End
2013-09-20 17:12:34 [SERVER] [INFO] Saving and pausing game...
2013-09-20 17:12:34 [SERVER] [INFO] Saving chunks for level 'Monkeys!'/Overworld
2013-09-20 17:12:34 [SERVER] [INFO] Saving chunks for level 'Monkeys!'/Nether
2013-09-20 17:12:34 [SERVER] [INFO] Saving chunks for level 'Monkeys!'/The End
2013-09-20 17:12:53 [SERVER] [INFO] Stopping server
2013-09-20 17:12:53 [SERVER] [INFO] Saving players
2013-09-20 17:12:53 [SERVER] [INFO] valordrone left the game
2013-09-20 17:12:53 [SERVER] [INFO] Saving worlds
2013-09-20 17:12:53 [SERVER] [INFO] Saving chunks for level 'Monkeys!'/Overworld
2013-09-20 17:12:53 [SERVER] [INFO] Saving chunks for level 'Monkeys!'/Nether
2013-09-20 17:12:53 [SERVER] [INFO] Saving chunks for level 'Monkeys!'/The End
2013-09-20 17:13:29 [SERVER] [INFO] Starting integrated minecraft server version 1.6.4
2013-09-20 17:13:29 [SERVER] [INFO] Generating keypair
2013-09-20 17:13:29 [SERVER] [INFO] Preparing start region for level 0
2013-09-20 17:13:30 [SERVER] [INFO] valordrone[/127.0.0.1:0] logged in with entity id 367 at (-265.1461527068, 71.0, 73.74729349975954)
2013-09-20 17:13:30 [SERVER] [INFO] valordrone joined the game
2013-09-20 17:13:51 [SERVER] [INFO] Saving and pausing game...
2013-09-20 17:13:51 [SERVER] [INFO] Saving chunks for level 'Monkeys!'/Overworld
2013-09-20 17:13:51 [SERVER] [INFO] Saving chunks for level 'Monkeys!'/Nether
2013-09-20 17:13:51 [SERVER] [INFO] Saving chunks for level 'Monkeys!'/The End
2013-09-20 17:16:08 [SERVER] [INFO] Stopping server
2013-09-20 17:16:08 [SERVER] [INFO] Saving players
2013-09-20 17:16:08 [SERVER] [INFO] valordrone left the game
2013-09-20 17:16:08 [SERVER] [INFO] Saving worlds
2013-09-20 17:16:08 [SERVER] [INFO] Saving chunks for level 'Monkeys!'/Overworld
2013-09-20 17:16:08 [SERVER] [INFO] Saving chunks for level 'Monkeys!'/Nether
2013-09-20 17:16:08 [SERVER] [INFO] Saving chunks for level 'Monkeys!'/The End
