[13:03:06] [main/INFO] [GradleStart]: No arguments specified, assuming client.
[13:03:06] [main/INFO] [GradleStart]: Extra: []
[13:03:06] [main/INFO] [GradleStart]: Running with arguments: [--userProperties, {}, --tweakClass, cpw.mods.fml.common.launcher.FMLTweaker, --accessToken, {REDACTED}, --assetIndex, 1.7.10, --assetsDir, /Users/Alec/.gradle/caches/minecraft/assets, --version, 1.7.10]
[13:03:06] [main/INFO] [LaunchWrapper]: Loading tweak class name cpw.mods.fml.common.launcher.FMLTweaker
[13:03:06] [main/INFO] [LaunchWrapper]: Using primary tweak class name cpw.mods.fml.common.launcher.FMLTweaker
[13:03:06] [main/INFO] [LaunchWrapper]: Calling tweak class cpw.mods.fml.common.launcher.FMLTweaker
[13:10:20] [main/INFO] [GradleStart]: No arguments specified, assuming client.
[13:10:20] [main/INFO] [GradleStart]: Extra: []
[13:10:20] [main/INFO] [GradleStart]: Running with arguments: [--userProperties, {}, --tweakClass, cpw.mods.fml.common.launcher.FMLTweaker, --accessToken, {REDACTED}, --assetIndex, 1.7.10, --assetsDir, /Users/Alec/.gradle/caches/minecraft/assets, --version, 1.7.10]
[13:10:20] [main/INFO] [LaunchWrapper]: Loading tweak class name cpw.mods.fml.common.launcher.FMLTweaker
[13:10:20] [main/INFO] [LaunchWrapper]: Using primary tweak class name cpw.mods.fml.common.launcher.FMLTweaker
[13:10:20] [main/INFO] [LaunchWrapper]: Calling tweak class cpw.mods.fml.common.launcher.FMLTweaker
[13:14:41] [main/INFO] [GradleStart]: No arguments specified, assuming client.
[13:14:41] [main/INFO] [GradleStart]: Extra: []
[13:14:41] [main/INFO] [GradleStart]: Running with arguments: [--userProperties, {}, --tweakClass, cpw.mods.fml.common.launcher.FMLTweaker, --accessToken, {REDACTED}, --assetIndex, 1.7.10, --assetsDir, /Users/Alec/.gradle/caches/minecraft/assets, --version, 1.7.10]
[13:14:41] [main/INFO] [LaunchWrapper]: Loading tweak class name cpw.mods.fml.common.launcher.FMLTweaker
[13:14:41] [main/INFO] [LaunchWrapper]: Using primary tweak class name cpw.mods.fml.common.launcher.FMLTweaker
[13:14:41] [main/INFO] [LaunchWrapper]: Calling tweak class cpw.mods.fml.common.launcher.FMLTweaker
[13:15:09] [main/INFO] [GradleStart]: No arguments specified, assuming client.
[13:15:09] [main/INFO] [GradleStart]: Extra: []
[13:15:09] [main/INFO] [GradleStart]: Running with arguments: [--userProperties, {}, --tweakClass, cpw.mods.fml.common.launcher.FMLTweaker, --accessToken, {REDACTED}, --assetIndex, 1.7.10, --assetsDir, /Users/Alec/.gradle/caches/minecraft/assets, --version, 1.7.10]
[13:15:09] [main/INFO] [LaunchWrapper]: Loading tweak class name cpw.mods.fml.common.launcher.FMLTweaker
[13:15:09] [main/INFO] [LaunchWrapper]: Using primary tweak class name cpw.mods.fml.common.launcher.FMLTweaker
[13:15:09] [main/INFO] [LaunchWrapper]: Calling tweak class cpw.mods.fml.common.launcher.FMLTweaker
[13:15:45] [main/INFO] [GradleStart]: No arguments specified, assuming client.
[13:15:45] [main/INFO] [GradleStart]: Extra: []
[13:15:45] [main/INFO] [GradleStart]: Running with arguments: [--userProperties, {}, --tweakClass, cpw.mods.fml.common.launcher.FMLTweaker, --accessToken, {REDACTED}, --assetIndex, 1.7.10, --assetsDir, /Users/Alec/.gradle/caches/minecraft/assets, --version, 1.7.10]
[13:15:45] [main/INFO] [LaunchWrapper]: Loading tweak class name cpw.mods.fml.common.launcher.FMLTweaker
[13:15:45] [main/INFO] [LaunchWrapper]: Using primary tweak class name cpw.mods.fml.common.launcher.FMLTweaker
[13:15:45] [main/INFO] [LaunchWrapper]: Calling tweak class cpw.mods.fml.common.launcher.FMLTweaker
[13:29:22] [main/INFO] [GradleStart]: No arguments specified, assuming client.
[13:29:22] [main/INFO] [GradleStart]: Extra: []
[13:29:22] [main/INFO] [GradleStart]: Running with arguments: [--userProperties, {}, --tweakClass, cpw.mods.fml.common.launcher.FMLTweaker, --accessToken, {REDACTED}, --assetIndex, 1.7.10, --assetsDir, /Users/Alec/.gradle/caches/minecraft/assets, --version, 1.7.10]
[13:29:22] [main/INFO] [LaunchWrapper]: Loading tweak class name cpw.mods.fml.common.launcher.FMLTweaker
[13:29:22] [main/INFO] [LaunchWrapper]: Using primary tweak class name cpw.mods.fml.common.launcher.FMLTweaker
[13:29:22] [main/INFO] [LaunchWrapper]: Calling tweak class cpw.mods.fml.common.launcher.FMLTweaker
[17:16:59] [main/INFO] [GradleStart]: No arguments specified, assuming client.
[17:16:59] [main/INFO] [GradleStart]: Extra: []
[17:16:59] [main/INFO] [GradleStart]: Running with arguments: [--userProperties, {}, --tweakClass, cpw.mods.fml.common.launcher.FMLTweaker, --accessToken, {REDACTED}, --assetIndex, 1.7.10, --assetsDir, /Users/Alec/.gradle/caches/minecraft/assets, --version, 1.7.10]
[17:16:59] [main/INFO] [LaunchWrapper]: Loading tweak class name cpw.mods.fml.common.launcher.FMLTweaker
[17:16:59] [main/INFO] [LaunchWrapper]: Using primary tweak class name cpw.mods.fml.common.launcher.FMLTweaker
[17:16:59] [main/INFO] [LaunchWrapper]: Calling tweak class cpw.mods.fml.common.launcher.FMLTweaker
[17:18:39] [main/INFO] [GradleStart]: No arguments specified, assuming client.
[17:18:39] [main/INFO] [GradleStart]: Extra: []
[17:18:39] [main/INFO] [GradleStart]: Running with arguments: [--userProperties, {}, --tweakClass, cpw.mods.fml.common.launcher.FMLTweaker, --accessToken, {REDACTED}, --assetIndex, 1.7.10, --assetsDir, /Users/Alec/.gradle/caches/minecraft/assets, --version, 1.7.10]
[17:18:39] [main/INFO] [LaunchWrapper]: Loading tweak class name cpw.mods.fml.common.launcher.FMLTweaker
[17:18:39] [main/INFO] [LaunchWrapper]: Using primary tweak class name cpw.mods.fml.common.launcher.FMLTweaker
[17:18:39] [main/INFO] [LaunchWrapper]: Calling tweak class cpw.mods.fml.common.launcher.FMLTweaker
[17:19:58] [main/INFO] [GradleStart]: No arguments specified, assuming client.
[17:19:58] [main/INFO] [GradleStart]: Extra: []
[17:19:58] [main/INFO] [GradleStart]: Running with arguments: [--userProperties, {}, --tweakClass, cpw.mods.fml.common.launcher.FMLTweaker, --accessToken, {REDACTED}, --assetIndex, 1.7.10, --assetsDir, /Users/Alec/.gradle/caches/minecraft/assets, --version, 1.7.10]
[17:19:58] [main/INFO] [LaunchWrapper]: Loading tweak class name cpw.mods.fml.common.launcher.FMLTweaker
[17:19:58] [main/INFO] [LaunchWrapper]: Using primary tweak class name cpw.mods.fml.common.launcher.FMLTweaker
[17:19:58] [main/INFO] [LaunchWrapper]: Calling tweak class cpw.mods.fml.common.launcher.FMLTweaker
[17:20:32] [main/INFO] [GradleStart]: No arguments specified, assuming client.
[17:20:32] [main/INFO] [GradleStart]: Extra: []
[17:20:32] [main/INFO] [GradleStart]: Running with arguments: [--userProperties, {}, --tweakClass, cpw.mods.fml.common.launcher.FMLTweaker, --accessToken, {REDACTED}, --assetIndex, 1.7.10, --assetsDir, /Users/Alec/.gradle/caches/minecraft/assets, --version, 1.7.10]
[17:20:32] [main/INFO] [LaunchWrapper]: Loading tweak class name cpw.mods.fml.common.launcher.FMLTweaker
[17:20:32] [main/INFO] [LaunchWrapper]: Using primary tweak class name cpw.mods.fml.common.launcher.FMLTweaker
[17:20:32] [main/INFO] [LaunchWrapper]: Calling tweak class cpw.mods.fml.common.launcher.FMLTweaker
[17:25:40] [main/INFO] [GradleStart]: No arguments specified, assuming client.
[17:25:40] [main/INFO] [GradleStart]: Extra: []
[17:25:40] [main/INFO] [GradleStart]: Running with arguments: [--userProperties, {}, --tweakClass, cpw.mods.fml.common.launcher.FMLTweaker, --accessToken, {REDACTED}, --assetIndex, 1.7.10, --assetsDir, /Users/Alec/.gradle/caches/minecraft/assets, --version, 1.7.10]
[17:25:40] [main/INFO] [LaunchWrapper]: Loading tweak class name cpw.mods.fml.common.launcher.FMLTweaker
[17:25:40] [main/INFO] [LaunchWrapper]: Using primary tweak class name cpw.mods.fml.common.launcher.FMLTweaker
[17:25:40] [main/INFO] [LaunchWrapper]: Calling tweak class cpw.mods.fml.common.launcher.FMLTweaker
[17:26:05] [main/INFO] [GradleStart]: No arguments specified, assuming client.
[17:26:05] [main/INFO] [GradleStart]: Extra: []
[17:26:05] [main/INFO] [GradleStart]: Running with arguments: [--userProperties, {}, --tweakClass, cpw.mods.fml.common.launcher.FMLTweaker, --accessToken, {REDACTED}, --assetIndex, 1.7.10, --assetsDir, /Users/Alec/.gradle/caches/minecraft/assets, --version, 1.7.10]
[17:26:05] [main/INFO] [LaunchWrapper]: Loading tweak class name cpw.mods.fml.common.launcher.FMLTweaker
[17:26:05] [main/INFO] [LaunchWrapper]: Using primary tweak class name cpw.mods.fml.common.launcher.FMLTweaker
[17:26:05] [main/INFO] [LaunchWrapper]: Calling tweak class cpw.mods.fml.common.launcher.FMLTweaker
[19:12:29] [main/INFO] [GradleStart]: No arguments specified, assuming client.
[19:12:29] [main/INFO] [GradleStart]: Extra: []
[19:12:29] [main/INFO] [GradleStart]: Running with arguments: [--userProperties, {}, --tweakClass, cpw.mods.fml.common.launcher.FMLTweaker, --accessToken, {REDACTED}, --assetIndex, 1.7.10, --assetsDir, /Users/Alec/.gradle/caches/minecraft/assets, --version, 1.7.10]
[19:12:29] [main/INFO] [LaunchWrapper]: Loading tweak class name cpw.mods.fml.common.launcher.FMLTweaker
[19:12:29] [main/INFO] [LaunchWrapper]: Using primary tweak class name cpw.mods.fml.common.launcher.FMLTweaker
[19:12:29] [main/INFO] [LaunchWrapper]: Calling tweak class cpw.mods.fml.common.launcher.FMLTweaker
[19:45:50] [main/INFO] [GradleStart]: No arguments specified, assuming client.
[19:45:50] [main/INFO] [GradleStart]: Extra: []
[19:45:50] [main/INFO] [GradleStart]: Running with arguments: [--userProperties, {}, --tweakClass, cpw.mods.fml.common.launcher.FMLTweaker, --accessToken, {REDACTED}, --assetIndex, 1.7.10, --assetsDir, /Users/Alec/.gradle/caches/minecraft/assets, --version, 1.7.10]
[19:45:50] [main/INFO] [LaunchWrapper]: Loading tweak class name cpw.mods.fml.common.launcher.FMLTweaker
[19:45:50] [main/INFO] [LaunchWrapper]: Using primary tweak class name cpw.mods.fml.common.launcher.FMLTweaker
[19:45:50] [main/INFO] [LaunchWrapper]: Calling tweak class cpw.mods.fml.common.launcher.FMLTweaker
[19:48:59] [main/INFO] [GradleStart]: No arguments specified, assuming client.
[19:48:59] [main/INFO] [GradleStart]: Extra: []
[19:48:59] [main/INFO] [GradleStart]: Running with arguments: [--userProperties, {}, --tweakClass, cpw.mods.fml.common.launcher.FMLTweaker, --accessToken, {REDACTED}, --assetIndex, 1.7.10, --assetsDir, /Users/Alec/.gradle/caches/minecraft/assets, --version, 1.7.10]
[19:48:59] [main/INFO] [LaunchWrapper]: Loading tweak class name cpw.mods.fml.common.launcher.FMLTweaker
[19:48:59] [main/INFO] [LaunchWrapper]: Using primary tweak class name cpw.mods.fml.common.launcher.FMLTweaker
[19:48:59] [main/INFO] [LaunchWrapper]: Calling tweak class cpw.mods.fml.common.launcher.FMLTweaker
[14:23:31] [main/INFO] [GradleStart]: No arguments specified, assuming client.
[14:23:31] [main/INFO] [GradleStart]: Extra: []
[14:23:31] [main/INFO] [GradleStart]: Running with arguments: [--userProperties, {}, --tweakClass, cpw.mods.fml.common.launcher.FMLTweaker, --accessToken, {REDACTED}, --assetIndex, 1.7.10, --assetsDir, /Users/Alec/.gradle/caches/minecraft/assets, --version, 1.7.10]
[14:23:31] [main/INFO] [LaunchWrapper]: Loading tweak class name cpw.mods.fml.common.launcher.FMLTweaker
[14:23:31] [main/INFO] [LaunchWrapper]: Using primary tweak class name cpw.mods.fml.common.launcher.FMLTweaker
[14:23:31] [main/INFO] [LaunchWrapper]: Calling tweak class cpw.mods.fml.common.launcher.FMLTweaker
[14:24:44] [main/INFO] [GradleStart]: No arguments specified, assuming client.
[14:24:44] [main/INFO] [GradleStart]: Extra: []
[14:24:44] [main/INFO] [GradleStart]: Running with arguments: [--userProperties, {}, --tweakClass, cpw.mods.fml.common.launcher.FMLTweaker, --accessToken, {REDACTED}, --assetIndex, 1.7.10, --assetsDir, /Users/Alec/.gradle/caches/minecraft/assets, --version, 1.7.10]
[14:24:45] [main/INFO] [LaunchWrapper]: Loading tweak class name cpw.mods.fml.common.launcher.FMLTweaker
[14:24:45] [main/INFO] [LaunchWrapper]: Using primary tweak class name cpw.mods.fml.common.launcher.FMLTweaker
[14:24:45] [main/INFO] [LaunchWrapper]: Calling tweak class cpw.mods.fml.common.launcher.FMLTweaker
[14:26:37] [main/INFO] [GradleStart]: No arguments specified, assuming client.
[14:26:37] [main/INFO] [GradleStart]: Extra: []
[14:26:37] [main/INFO] [GradleStart]: Running with arguments: [--userProperties, {}, --tweakClass, cpw.mods.fml.common.launcher.FMLTweaker, --accessToken, {REDACTED}, --assetIndex, 1.7.10, --assetsDir, /Users/Alec/.gradle/caches/minecraft/assets, --version, 1.7.10]
[14:26:37] [main/INFO] [LaunchWrapper]: Loading tweak class name cpw.mods.fml.common.launcher.FMLTweaker
[14:26:37] [main/INFO] [LaunchWrapper]: Using primary tweak class name cpw.mods.fml.common.launcher.FMLTweaker
[14:26:37] [main/INFO] [LaunchWrapper]: Calling tweak class cpw.mods.fml.common.launcher.FMLTweaker
[14:32:58] [main/INFO] [GradleStart]: No arguments specified, assuming client.
[14:32:58] [main/INFO] [GradleStart]: Extra: []
[14:32:58] [main/INFO] [GradleStart]: Running with arguments: [--userProperties, {}, --tweakClass, cpw.mods.fml.common.launcher.FMLTweaker, --accessToken, {REDACTED}, --assetIndex, 1.7.10, --assetsDir, /Users/Alec/.gradle/caches/minecraft/assets, --version, 1.7.10]
[14:32:58] [main/INFO] [LaunchWrapper]: Loading tweak class name cpw.mods.fml.common.launcher.FMLTweaker
[14:32:58] [main/INFO] [LaunchWrapper]: Using primary tweak class name cpw.mods.fml.common.launcher.FMLTweaker
[14:32:58] [main/INFO] [LaunchWrapper]: Calling tweak class cpw.mods.fml.common.launcher.FMLTweaker
[14:33:39] [main/INFO] [GradleStart]: No arguments specified, assuming client.
[14:33:39] [main/INFO] [GradleStart]: Extra: []
[14:33:39] [main/INFO] [GradleStart]: Running with arguments: [--userProperties, {}, --tweakClass, cpw.mods.fml.common.launcher.FMLTweaker, --accessToken, {REDACTED}, --assetIndex, 1.7.10, --assetsDir, /Users/Alec/.gradle/caches/minecraft/assets, --version, 1.7.10]
[14:33:39] [main/INFO] [LaunchWrapper]: Loading tweak class name cpw.mods.fml.common.launcher.FMLTweaker
[14:33:39] [main/INFO] [LaunchWrapper]: Using primary tweak class name cpw.mods.fml.common.launcher.FMLTweaker
[14:33:39] [main/INFO] [LaunchWrapper]: Calling tweak class cpw.mods.fml.common.launcher.FMLTweaker
[14:41:44] [main/INFO] [GradleStart]: No arguments specified, assuming client.
[14:41:44] [main/INFO] [GradleStart]: Extra: []
[14:41:44] [main/INFO] [GradleStart]: Running with arguments: [--userProperties, {}, --tweakClass, cpw.mods.fml.common.launcher.FMLTweaker, --accessToken, {REDACTED}, --assetIndex, 1.7.10, --assetsDir, /Users/Alec/.gradle/caches/minecraft/assets, --version, 1.7.10]
[14:41:44] [main/INFO] [LaunchWrapper]: Loading tweak class name cpw.mods.fml.common.launcher.FMLTweaker
[14:41:44] [main/INFO] [LaunchWrapper]: Using primary tweak class name cpw.mods.fml.common.launcher.FMLTweaker
[14:41:44] [main/INFO] [LaunchWrapper]: Calling tweak class cpw.mods.fml.common.launcher.FMLTweaker
[14:43:21] [main/INFO] [GradleStart]: No arguments specified, assuming client.
[14:43:21] [main/INFO] [GradleStart]: Extra: []
[14:43:21] [main/INFO] [GradleStart]: Running with arguments: [--userProperties, {}, --tweakClass, cpw.mods.fml.common.launcher.FMLTweaker, --accessToken, {REDACTED}, --assetIndex, 1.7.10, --assetsDir, /Users/Alec/.gradle/caches/minecraft/assets, --version, 1.7.10]
[14:43:21] [main/INFO] [LaunchWrapper]: Loading tweak class name cpw.mods.fml.common.launcher.FMLTweaker
[14:43:21] [main/INFO] [LaunchWrapper]: Using primary tweak class name cpw.mods.fml.common.launcher.FMLTweaker
[14:43:21] [main/INFO] [LaunchWrapper]: Calling tweak class cpw.mods.fml.common.launcher.FMLTweaker
[14:57:06] [main/INFO] [GradleStart]: No arguments specified, assuming client.
[14:57:06] [main/INFO] [GradleStart]: Extra: []
[14:57:06] [main/INFO] [GradleStart]: Running with arguments: [--userProperties, {}, --tweakClass, cpw.mods.fml.common.launcher.FMLTweaker, --accessToken, {REDACTED}, --assetIndex, 1.7.10, --assetsDir, /Users/Alec/.gradle/caches/minecraft/assets, --version, 1.7.10]
[14:57:06] [main/INFO] [LaunchWrapper]: Loading tweak class name cpw.mods.fml.common.launcher.FMLTweaker
[14:57:06] [main/INFO] [LaunchWrapper]: Using primary tweak class name cpw.mods.fml.common.launcher.FMLTweaker
[14:57:06] [main/INFO] [LaunchWrapper]: Calling tweak class cpw.mods.fml.common.launcher.FMLTweaker
[15:01:20] [main/INFO] [GradleStart]: No arguments specified, assuming client.
[15:01:20] [main/INFO] [GradleStart]: Extra: []
[15:01:20] [main/INFO] [GradleStart]: Running with arguments: [--userProperties, {}, --tweakClass, cpw.mods.fml.common.launcher.FMLTweaker, --accessToken, {REDACTED}, --assetIndex, 1.7.10, --assetsDir, /Users/Alec/.gradle/caches/minecraft/assets, --version, 1.7.10]
[15:01:20] [main/INFO] [LaunchWrapper]: Loading tweak class name cpw.mods.fml.common.launcher.FMLTweaker
[15:01:20] [main/INFO] [LaunchWrapper]: Using primary tweak class name cpw.mods.fml.common.launcher.FMLTweaker
[15:01:20] [main/INFO] [LaunchWrapper]: Calling tweak class cpw.mods.fml.common.launcher.FMLTweaker
[18:03:38] [main/INFO] [GradleStart]: No arguments specified, assuming client.
[18:03:38] [main/INFO] [GradleStart]: Extra: []
[18:03:38] [main/INFO] [GradleStart]: Running with arguments: [--userProperties, {}, --tweakClass, cpw.mods.fml.common.launcher.FMLTweaker, --accessToken, {REDACTED}, --assetIndex, 1.7.10, --assetsDir, /Users/Alec/.gradle/caches/minecraft/assets, --version, 1.7.10]
[18:03:38] [main/INFO] [LaunchWrapper]: Loading tweak class name cpw.mods.fml.common.launcher.FMLTweaker
[18:03:38] [main/INFO] [LaunchWrapper]: Using primary tweak class name cpw.mods.fml.common.launcher.FMLTweaker
[18:03:38] [main/INFO] [LaunchWrapper]: Calling tweak class cpw.mods.fml.common.launcher.FMLTweaker
[18:04:59] [main/INFO] [GradleStart]: No arguments specified, assuming client.
[18:04:59] [main/INFO] [GradleStart]: Extra: []
[18:04:59] [main/INFO] [GradleStart]: Running with arguments: [--userProperties, {}, --tweakClass, cpw.mods.fml.common.launcher.FMLTweaker, --accessToken, {REDACTED}, --assetIndex, 1.7.10, --assetsDir, /Users/Alec/.gradle/caches/minecraft/assets, --version, 1.7.10]
[18:04:59] [main/INFO] [LaunchWrapper]: Loading tweak class name cpw.mods.fml.common.launcher.FMLTweaker
[18:04:59] [main/INFO] [LaunchWrapper]: Using primary tweak class name cpw.mods.fml.common.launcher.FMLTweaker
[18:04:59] [main/INFO] [LaunchWrapper]: Calling tweak class cpw.mods.fml.common.launcher.FMLTweaker
[18:08:28] [main/INFO] [GradleStart]: No arguments specified, assuming client.
[18:08:28] [main/INFO] [GradleStart]: Extra: []
[18:08:28] [main/INFO] [GradleStart]: Running with arguments: [--userProperties, {}, --tweakClass, cpw.mods.fml.common.launcher.FMLTweaker, --accessToken, {REDACTED}, --assetIndex, 1.7.10, --assetsDir, /Users/Alec/.gradle/caches/minecraft/assets, --version, 1.7.10]
[18:08:28] [main/INFO] [LaunchWrapper]: Loading tweak class name cpw.mods.fml.common.launcher.FMLTweaker
[18:08:28] [main/INFO] [LaunchWrapper]: Using primary tweak class name cpw.mods.fml.common.launcher.FMLTweaker
[18:08:28] [main/INFO] [LaunchWrapper]: Calling tweak class cpw.mods.fml.common.launcher.FMLTweaker
[18:15:28] [main/INFO] [GradleStart]: No arguments specified, assuming client.
[18:15:28] [main/INFO] [GradleStart]: Extra: []
[18:15:28] [main/INFO] [GradleStart]: Running with arguments: [--userProperties, {}, --tweakClass, cpw.mods.fml.common.launcher.FMLTweaker, --accessToken, {REDACTED}, --assetIndex, 1.7.10, --assetsDir, /Users/Alec/.gradle/caches/minecraft/assets, --version, 1.7.10]
[18:15:28] [main/INFO] [LaunchWrapper]: Loading tweak class name cpw.mods.fml.common.launcher.FMLTweaker
[18:15:28] [main/INFO] [LaunchWrapper]: Using primary tweak class name cpw.mods.fml.common.launcher.FMLTweaker
[18:15:28] [main/INFO] [LaunchWrapper]: Calling tweak class cpw.mods.fml.common.launcher.FMLTweaker
[18:16:33] [main/INFO] [GradleStart]: No arguments specified, assuming client.
[18:16:33] [main/INFO] [GradleStart]: Extra: []
[18:16:33] [main/INFO] [GradleStart]: Running with arguments: [--userProperties, {}, --tweakClass, cpw.mods.fml.common.launcher.FMLTweaker, --accessToken, {REDACTED}, --assetIndex, 1.7.10, --assetsDir, /Users/Alec/.gradle/caches/minecraft/assets, --version, 1.7.10]
[18:16:33] [main/INFO] [LaunchWrapper]: Loading tweak class name cpw.mods.fml.common.launcher.FMLTweaker
[18:16:33] [main/INFO] [LaunchWrapper]: Using primary tweak class name cpw.mods.fml.common.launcher.FMLTweaker
[18:16:33] [main/INFO] [LaunchWrapper]: Calling tweak class cpw.mods.fml.common.launcher.FMLTweaker
[18:33:44] [main/INFO] [GradleStart]: No arguments specified, assuming client.
[18:33:44] [main/INFO] [GradleStart]: Extra: []
[18:33:44] [main/INFO] [GradleStart]: Running with arguments: [--userProperties, {}, --tweakClass, cpw.mods.fml.common.launcher.FMLTweaker, --accessToken, {REDACTED}, --assetIndex, 1.7.10, --assetsDir, /Users/Alec/.gradle/caches/minecraft/assets, --version, 1.7.10]
[18:33:44] [main/INFO] [LaunchWrapper]: Loading tweak class name cpw.mods.fml.common.launcher.FMLTweaker
[18:33:44] [main/INFO] [LaunchWrapper]: Using primary tweak class name cpw.mods.fml.common.launcher.FMLTweaker
[18:33:44] [main/INFO] [LaunchWrapper]: Calling tweak class cpw.mods.fml.common.launcher.FMLTweaker
[20:14:56] [main/INFO] [GradleStart]: No arguments specified, assuming client.
[20:14:56] [main/INFO] [GradleStart]: Extra: []
[20:14:56] [main/INFO] [GradleStart]: Running with arguments: [--userProperties, {}, --tweakClass, cpw.mods.fml.common.launcher.FMLTweaker, --accessToken, {REDACTED}, --assetIndex, 1.7.10, --assetsDir, /Users/Alec/.gradle/caches/minecraft/assets, --version, 1.7.10]
[20:14:56] [main/INFO] [LaunchWrapper]: Loading tweak class name cpw.mods.fml.common.launcher.FMLTweaker
[20:14:56] [main/INFO] [LaunchWrapper]: Using primary tweak class name cpw.mods.fml.common.launcher.FMLTweaker
[20:14:56] [main/INFO] [LaunchWrapper]: Calling tweak class cpw.mods.fml.common.launcher.FMLTweaker
[20:16:42] [main/INFO] [GradleStart]: No arguments specified, assuming client.
[20:16:42] [main/INFO] [GradleStart]: Extra: []
[20:16:42] [main/INFO] [GradleStart]: Running with arguments: [--userProperties, {}, --tweakClass, cpw.mods.fml.common.launcher.FMLTweaker, --accessToken, {REDACTED}, --assetIndex, 1.7.10, --assetsDir, /Users/Alec/.gradle/caches/minecraft/assets, --version, 1.7.10]
[20:16:42] [main/INFO] [LaunchWrapper]: Loading tweak class name cpw.mods.fml.common.launcher.FMLTweaker
[20:16:42] [main/INFO] [LaunchWrapper]: Using primary tweak class name cpw.mods.fml.common.launcher.FMLTweaker
[20:16:42] [main/INFO] [LaunchWrapper]: Calling tweak class cpw.mods.fml.common.launcher.FMLTweaker
[20:19:22] [main/INFO] [GradleStart]: No arguments specified, assuming client.
[20:19:23] [main/INFO] [GradleStart]: Extra: []
[20:19:23] [main/INFO] [GradleStart]: Running with arguments: [--userProperties, {}, --tweakClass, cpw.mods.fml.common.launcher.FMLTweaker, --accessToken, {REDACTED}, --assetIndex, 1.7.10, --assetsDir, /Users/Alec/.gradle/caches/minecraft/assets, --version, 1.7.10]
[20:19:23] [main/INFO] [LaunchWrapper]: Loading tweak class name cpw.mods.fml.common.launcher.FMLTweaker
[20:19:23] [main/INFO] [LaunchWrapper]: Using primary tweak class name cpw.mods.fml.common.launcher.FMLTweaker
[20:19:23] [main/INFO] [LaunchWrapper]: Calling tweak class cpw.mods.fml.common.launcher.FMLTweaker
[20:26:36] [main/INFO] [GradleStart]: username: athilenius
[20:26:36] [main/INFO] [GradleStart]: Extra: []
[20:26:36] [main/INFO] [GradleStart]: Password found, attempting login
[20:26:37] [main/ERROR] [GradleStart]: -- Login failed!  Invalid credentials. Invalid username or password.
[20:29:11] [main/INFO] [GradleStart]: username: deathsshado0
[20:29:11] [main/INFO] [GradleStart]: Extra: []
[20:29:11] [main/INFO] [GradleStart]: Password found, attempting login
[20:29:12] [main/INFO] [GradleStart]: Login Succesful!
[20:29:12] [main/INFO] [GradleStart]: Running with arguments: [--userProperties, {}, --username, deathsshado0, --tweakClass, cpw.mods.fml.common.launcher.FMLTweaker, --accessToken, {REDACTED}, --assetIndex, 1.7.10, --uuid, a84c72ce2e9445e4b220914678f2cb6d, --assetsDir, /Users/Alec/.gradle/caches/minecraft/assets, --version, 1.7.10]
[20:29:12] [main/INFO] [LaunchWrapper]: Loading tweak class name cpw.mods.fml.common.launcher.FMLTweaker
[20:29:12] [main/INFO] [LaunchWrapper]: Using primary tweak class name cpw.mods.fml.common.launcher.FMLTweaker
[20:29:12] [main/INFO] [LaunchWrapper]: Calling tweak class cpw.mods.fml.common.launcher.FMLTweaker
[20:32:12] [main/INFO] [GradleStart]: username: athilenius
[20:32:12] [main/INFO] [GradleStart]: Extra: []
[20:32:12] [main/INFO] [GradleStart]: Running with arguments: [--userProperties, {}, --username, athilenius, --tweakClass, cpw.mods.fml.common.launcher.FMLTweaker, --accessToken, {REDACTED}, --assetIndex, 1.7.10, --assetsDir, /Users/Alec/.gradle/caches/minecraft/assets, --version, 1.7.10]
[20:32:12] [main/INFO] [LaunchWrapper]: Loading tweak class name cpw.mods.fml.common.launcher.FMLTweaker
[20:32:12] [main/INFO] [LaunchWrapper]: Using primary tweak class name cpw.mods.fml.common.launcher.FMLTweaker
[20:32:12] [main/INFO] [LaunchWrapper]: Calling tweak class cpw.mods.fml.common.launcher.FMLTweaker
[20:34:12] [main/INFO] [GradleStart]: username: athilenius
[20:34:12] [main/INFO] [GradleStart]: Extra: []
[20:34:12] [main/INFO] [GradleStart]: Running with arguments: [--userProperties, {}, --username, athilenius, --tweakClass, cpw.mods.fml.common.launcher.FMLTweaker, --accessToken, {REDACTED}, --assetIndex, 1.7.10, --assetsDir, /Users/Alec/.gradle/caches/minecraft/assets, --version, 1.7.10]
[20:34:12] [main/INFO] [LaunchWrapper]: Loading tweak class name cpw.mods.fml.common.launcher.FMLTweaker
[20:34:12] [main/INFO] [LaunchWrapper]: Using primary tweak class name cpw.mods.fml.common.launcher.FMLTweaker
[20:34:12] [main/INFO] [LaunchWrapper]: Calling tweak class cpw.mods.fml.common.launcher.FMLTweaker
[20:36:27] [main/INFO] [GradleStart]: username: athilenius
[20:36:27] [main/INFO] [GradleStart]: Extra: []
[20:36:27] [main/INFO] [GradleStart]: Running with arguments: [--userProperties, {}, --username, athilenius, --tweakClass, cpw.mods.fml.common.launcher.FMLTweaker, --accessToken, {REDACTED}, --assetIndex, 1.7.10, --assetsDir, /Users/Alec/.gradle/caches/minecraft/assets, --version, 1.7.10]
[20:36:27] [main/INFO] [LaunchWrapper]: Loading tweak class name cpw.mods.fml.common.launcher.FMLTweaker
[20:36:27] [main/INFO] [LaunchWrapper]: Using primary tweak class name cpw.mods.fml.common.launcher.FMLTweaker
[20:36:27] [main/INFO] [LaunchWrapper]: Calling tweak class cpw.mods.fml.common.launcher.FMLTweaker
[20:37:58] [main/INFO] [GradleStart]: username: athilenius
[20:37:58] [main/INFO] [GradleStart]: Extra: []
[20:37:58] [main/INFO] [GradleStart]: Running with arguments: [--userProperties, {}, --username, athilenius, --tweakClass, cpw.mods.fml.common.launcher.FMLTweaker, --accessToken, {REDACTED}, --assetIndex, 1.7.10, --assetsDir, /Users/Alec/.gradle/caches/minecraft/assets, --version, 1.7.10]
[20:37:58] [main/INFO] [LaunchWrapper]: Loading tweak class name cpw.mods.fml.common.launcher.FMLTweaker
[20:37:58] [main/INFO] [LaunchWrapper]: Using primary tweak class name cpw.mods.fml.common.launcher.FMLTweaker
[20:37:58] [main/INFO] [LaunchWrapper]: Calling tweak class cpw.mods.fml.common.launcher.FMLTweaker
[20:39:07] [main/INFO] [GradleStart]: username: athilenius
[20:39:07] [main/INFO] [GradleStart]: Extra: []
[20:39:07] [main/INFO] [GradleStart]: Running with arguments: [--userProperties, {}, --username, athilenius, --tweakClass, cpw.mods.fml.common.launcher.FMLTweaker, --accessToken, {REDACTED}, --assetIndex, 1.7.10, --assetsDir, /Users/Alec/.gradle/caches/minecraft/assets, --version, 1.7.10]
[20:39:07] [main/INFO] [LaunchWrapper]: Loading tweak class name cpw.mods.fml.common.launcher.FMLTweaker
[20:39:07] [main/INFO] [LaunchWrapper]: Using primary tweak class name cpw.mods.fml.common.launcher.FMLTweaker
[20:39:07] [main/INFO] [LaunchWrapper]: Calling tweak class cpw.mods.fml.common.launcher.FMLTweaker
[20:40:32] [main/INFO] [GradleStart]: username: athilenius
[20:40:32] [main/INFO] [GradleStart]: Extra: []
[20:40:32] [main/INFO] [GradleStart]: Running with arguments: [--userProperties, {}, --username, athilenius, --tweakClass, cpw.mods.fml.common.launcher.FMLTweaker, --accessToken, {REDACTED}, --assetIndex, 1.7.10, --assetsDir, /Users/Alec/.gradle/caches/minecraft/assets, --version, 1.7.10]
[20:40:32] [main/INFO] [LaunchWrapper]: Loading tweak class name cpw.mods.fml.common.launcher.FMLTweaker
[20:40:32] [main/INFO] [LaunchWrapper]: Using primary tweak class name cpw.mods.fml.common.launcher.FMLTweaker
[20:40:32] [main/INFO] [LaunchWrapper]: Calling tweak class cpw.mods.fml.common.launcher.FMLTweaker
[20:47:20] [main/INFO] [GradleStart]: username: athilenius
[20:47:20] [main/INFO] [GradleStart]: Extra: []
[20:47:20] [main/INFO] [GradleStart]: Running with arguments: [--userProperties, {}, --username, athilenius, --tweakClass, cpw.mods.fml.common.launcher.FMLTweaker, --accessToken, {REDACTED}, --assetIndex, 1.7.10, --assetsDir, /Users/Alec/.gradle/caches/minecraft/assets, --version, 1.7.10]
[20:47:20] [main/INFO] [LaunchWrapper]: Loading tweak class name cpw.mods.fml.common.launcher.FMLTweaker
[20:47:20] [main/INFO] [LaunchWrapper]: Using primary tweak class name cpw.mods.fml.common.launcher.FMLTweaker
[20:47:20] [main/INFO] [LaunchWrapper]: Calling tweak class cpw.mods.fml.common.launcher.FMLTweaker
[20:55:11] [main/INFO] [GradleStart]: username: athilenius
[20:55:11] [main/INFO] [GradleStart]: Extra: []
[20:55:11] [main/INFO] [GradleStart]: Running with arguments: [--userProperties, {}, --username, athilenius, --tweakClass, cpw.mods.fml.common.launcher.FMLTweaker, --accessToken, {REDACTED}, --assetIndex, 1.7.10, --assetsDir, /Users/Alec/.gradle/caches/minecraft/assets, --version, 1.7.10]
[20:55:11] [main/INFO] [LaunchWrapper]: Loading tweak class name cpw.mods.fml.common.launcher.FMLTweaker
[20:55:11] [main/INFO] [LaunchWrapper]: Using primary tweak class name cpw.mods.fml.common.launcher.FMLTweaker
[20:55:11] [main/INFO] [LaunchWrapper]: Calling tweak class cpw.mods.fml.common.launcher.FMLTweaker
[20:56:48] [main/INFO] [GradleStart]: username: athilenius
[20:56:48] [main/INFO] [GradleStart]: Extra: []
[20:56:48] [main/INFO] [GradleStart]: Running with arguments: [--userProperties, {}, --username, athilenius, --tweakClass, cpw.mods.fml.common.launcher.FMLTweaker, --accessToken, {REDACTED}, --assetIndex, 1.7.10, --assetsDir, /Users/Alec/.gradle/caches/minecraft/assets, --version, 1.7.10]
[20:56:48] [main/INFO] [LaunchWrapper]: Loading tweak class name cpw.mods.fml.common.launcher.FMLTweaker
[20:56:48] [main/INFO] [LaunchWrapper]: Using primary tweak class name cpw.mods.fml.common.launcher.FMLTweaker
[20:56:48] [main/INFO] [LaunchWrapper]: Calling tweak class cpw.mods.fml.common.launcher.FMLTweaker
[20:57:38] [main/INFO] [GradleStart]: username: athilenius
[20:57:38] [main/INFO] [GradleStart]: Extra: []
[20:57:38] [main/INFO] [GradleStart]: Running with arguments: [--userProperties, {}, --username, athilenius, --tweakClass, cpw.mods.fml.common.launcher.FMLTweaker, --accessToken, {REDACTED}, --assetIndex, 1.7.10, --assetsDir, /Users/Alec/.gradle/caches/minecraft/assets, --version, 1.7.10]
[20:57:38] [main/INFO] [LaunchWrapper]: Loading tweak class name cpw.mods.fml.common.launcher.FMLTweaker
[20:57:39] [main/INFO] [LaunchWrapper]: Using primary tweak class name cpw.mods.fml.common.launcher.FMLTweaker
[20:57:39] [main/INFO] [LaunchWrapper]: Calling tweak class cpw.mods.fml.common.launcher.FMLTweaker
[20:59:13] [main/INFO] [GradleStart]: username: athilenius
[20:59:13] [main/INFO] [GradleStart]: Extra: []
[20:59:13] [main/INFO] [GradleStart]: Running with arguments: [--userProperties, {}, --username, athilenius, --tweakClass, cpw.mods.fml.common.launcher.FMLTweaker, --accessToken, {REDACTED}, --assetIndex, 1.7.10, --assetsDir, /Users/Alec/.gradle/caches/minecraft/assets, --version, 1.7.10]
[20:59:13] [main/INFO] [LaunchWrapper]: Loading tweak class name cpw.mods.fml.common.launcher.FMLTweaker
[20:59:13] [main/INFO] [LaunchWrapper]: Using primary tweak class name cpw.mods.fml.common.launcher.FMLTweaker
[20:59:13] [main/INFO] [LaunchWrapper]: Calling tweak class cpw.mods.fml.common.launcher.FMLTweaker
[21:39:05] [main/INFO] [GradleStart]: username: athilenius
[21:39:05] [main/INFO] [GradleStart]: Extra: []
[21:39:05] [main/INFO] [GradleStart]: Running with arguments: [--userProperties, {}, --username, athilenius, --tweakClass, cpw.mods.fml.common.launcher.FMLTweaker, --accessToken, {REDACTED}, --assetIndex, 1.7.10, --assetsDir, /Users/Alec/.gradle/caches/minecraft/assets, --version, 1.7.10]
[21:39:05] [main/INFO] [LaunchWrapper]: Loading tweak class name cpw.mods.fml.common.launcher.FMLTweaker
[21:39:05] [main/INFO] [LaunchWrapper]: Using primary tweak class name cpw.mods.fml.common.launcher.FMLTweaker
[21:39:05] [main/INFO] [LaunchWrapper]: Calling tweak class cpw.mods.fml.common.launcher.FMLTweaker
[11:29:34] [main/INFO] [GradleStart]: username: athilenius
[11:29:34] [main/INFO] [GradleStart]: Extra: []
[11:29:34] [main/INFO] [GradleStart]: Running with arguments: [--userProperties, {}, --username, athilenius, --tweakClass, cpw.mods.fml.common.launcher.FMLTweaker, --accessToken, {REDACTED}, --assetIndex, 1.7.10, --assetsDir, /Users/Alec/.gradle/caches/minecraft/assets, --version, 1.7.10]
[11:29:34] [main/INFO] [LaunchWrapper]: Loading tweak class name cpw.mods.fml.common.launcher.FMLTweaker
[11:29:34] [main/INFO] [LaunchWrapper]: Using primary tweak class name cpw.mods.fml.common.launcher.FMLTweaker
[11:29:34] [main/INFO] [LaunchWrapper]: Calling tweak class cpw.mods.fml.common.launcher.FMLTweaker
[14:48:08] [main/INFO] [GradleStart]: username: athilenius
[14:48:08] [main/INFO] [GradleStart]: Extra: []
[14:48:08] [main/INFO] [GradleStart]: Running with arguments: [--userProperties, {}, --username, athilenius, --tweakClass, cpw.mods.fml.common.launcher.FMLTweaker, --accessToken, {REDACTED}, --assetIndex, 1.7.10, --assetsDir, /Users/Alec/.gradle/caches/minecraft/assets, --version, 1.7.10]
[14:48:08] [main/INFO] [LaunchWrapper]: Loading tweak class name cpw.mods.fml.common.launcher.FMLTweaker
[14:48:08] [main/INFO] [LaunchWrapper]: Using primary tweak class name cpw.mods.fml.common.launcher.FMLTweaker
[14:48:08] [main/INFO] [LaunchWrapper]: Calling tweak class cpw.mods.fml.common.launcher.FMLTweaker
[14:57:09] [main/INFO] [GradleStart]: username: athilenius
[14:57:09] [main/INFO] [GradleStart]: Extra: []
[14:57:09] [main/INFO] [GradleStart]: Running with arguments: [--userProperties, {}, --username, athilenius, --tweakClass, cpw.mods.fml.common.launcher.FMLTweaker, --accessToken, {REDACTED}, --assetIndex, 1.7.10, --assetsDir, /Users/Alec/.gradle/caches/minecraft/assets, --version, 1.7.10]
[14:57:09] [main/INFO] [LaunchWrapper]: Loading tweak class name cpw.mods.fml.common.launcher.FMLTweaker
[14:57:09] [main/INFO] [LaunchWrapper]: Using primary tweak class name cpw.mods.fml.common.launcher.FMLTweaker
[14:57:09] [main/INFO] [LaunchWrapper]: Calling tweak class cpw.mods.fml.common.launcher.FMLTweaker
[15:00:13] [main/INFO] [GradleStart]: username: athilenius
[15:00:13] [main/INFO] [GradleStart]: Extra: []
[15:00:13] [main/INFO] [GradleStart]: Running with arguments: [--userProperties, {}, --username, athilenius, --tweakClass, cpw.mods.fml.common.launcher.FMLTweaker, --accessToken, {REDACTED}, --assetIndex, 1.7.10, --assetsDir, /Users/Alec/.gradle/caches/minecraft/assets, --version, 1.7.10]
[15:00:13] [main/INFO] [LaunchWrapper]: Loading tweak class name cpw.mods.fml.common.launcher.FMLTweaker
[15:00:13] [main/INFO] [LaunchWrapper]: Using primary tweak class name cpw.mods.fml.common.launcher.FMLTweaker
[15:00:13] [main/INFO] [LaunchWrapper]: Calling tweak class cpw.mods.fml.common.launcher.FMLTweaker
[15:07:39] [main/INFO] [GradleStart]: username: athilenius
[15:07:39] [main/INFO] [GradleStart]: Extra: []
[15:07:39] [main/INFO] [GradleStart]: Running with arguments: [--userProperties, {}, --username, athilenius, --tweakClass, cpw.mods.fml.common.launcher.FMLTweaker, --accessToken, {REDACTED}, --assetIndex, 1.7.10, --assetsDir, /Users/Alec/.gradle/caches/minecraft/assets, --version, 1.7.10]
[15:07:39] [main/INFO] [LaunchWrapper]: Loading tweak class name cpw.mods.fml.common.launcher.FMLTweaker
[15:07:39] [main/INFO] [LaunchWrapper]: Using primary tweak class name cpw.mods.fml.common.launcher.FMLTweaker
[15:07:39] [main/INFO] [LaunchWrapper]: Calling tweak class cpw.mods.fml.common.launcher.FMLTweaker
[17:05:19] [main/INFO] [LaunchWrapper]: Loading tweak class name cpw.mods.fml.common.launcher.FMLServerTweaker
[17:05:19] [main/INFO] [LaunchWrapper]: Using primary tweak class name cpw.mods.fml.common.launcher.FMLServerTweaker
[17:05:19] [main/INFO] [LaunchWrapper]: Calling tweak class cpw.mods.fml.common.launcher.FMLServerTweaker
[18:00:59] [main/INFO] [GradleStart]: username: athilenius
[18:00:59] [main/INFO] [GradleStart]: Extra: []
[18:00:59] [main/INFO] [GradleStart]: Running with arguments: [--userProperties, {}, --username, athilenius, --tweakClass, cpw.mods.fml.common.launcher.FMLTweaker, --accessToken, {REDACTED}, --assetIndex, 1.7.10, --assetsDir, /Users/Alec/.gradle/caches/minecraft/assets, --version, 1.7.10]
[18:00:59] [main/INFO] [LaunchWrapper]: Loading tweak class name cpw.mods.fml.common.launcher.FMLTweaker
[18:00:59] [main/INFO] [LaunchWrapper]: Using primary tweak class name cpw.mods.fml.common.launcher.FMLTweaker
[18:00:59] [main/INFO] [LaunchWrapper]: Calling tweak class cpw.mods.fml.common.launcher.FMLTweaker
[18:08:42] [main/INFO] [GradleStart]: username: athilenius
[18:08:42] [main/INFO] [GradleStart]: Extra: []
[18:08:42] [main/INFO] [GradleStart]: Running with arguments: [--userProperties, {}, --username, athilenius, --tweakClass, cpw.mods.fml.common.launcher.FMLTweaker, --accessToken, {REDACTED}, --assetIndex, 1.7.10, --assetsDir, /Users/Alec/.gradle/caches/minecraft/assets, --version, 1.7.10]
[18:08:42] [main/INFO] [LaunchWrapper]: Loading tweak class name cpw.mods.fml.common.launcher.FMLTweaker
[18:08:42] [main/INFO] [LaunchWrapper]: Using primary tweak class name cpw.mods.fml.common.launcher.FMLTweaker
[18:08:42] [main/INFO] [LaunchWrapper]: Calling tweak class cpw.mods.fml.common.launcher.FMLTweaker
[18:10:00] [main/INFO] [GradleStart]: username: athilenius
[18:10:00] [main/INFO] [GradleStart]: Extra: []
[18:10:00] [main/INFO] [GradleStart]: Running with arguments: [--userProperties, {}, --username, athilenius, --tweakClass, cpw.mods.fml.common.launcher.FMLTweaker, --accessToken, {REDACTED}, --assetIndex, 1.7.10, --assetsDir, /Users/Alec/.gradle/caches/minecraft/assets, --version, 1.7.10]
[18:10:00] [main/INFO] [LaunchWrapper]: Loading tweak class name cpw.mods.fml.common.launcher.FMLTweaker
[18:10:00] [main/INFO] [LaunchWrapper]: Using primary tweak class name cpw.mods.fml.common.launcher.FMLTweaker
[18:10:00] [main/INFO] [LaunchWrapper]: Calling tweak class cpw.mods.fml.common.launcher.FMLTweaker
[18:11:00] [main/INFO] [GradleStart]: username: athilenius
[18:11:00] [main/INFO] [GradleStart]: Extra: []
[18:11:00] [main/INFO] [GradleStart]: Running with arguments: [--userProperties, {}, --username, athilenius, --tweakClass, cpw.mods.fml.common.launcher.FMLTweaker, --accessToken, {REDACTED}, --assetIndex, 1.7.10, --assetsDir, /Users/Alec/.gradle/caches/minecraft/assets, --version, 1.7.10]
[18:11:00] [main/INFO] [LaunchWrapper]: Loading tweak class name cpw.mods.fml.common.launcher.FMLTweaker
[18:11:00] [main/INFO] [LaunchWrapper]: Using primary tweak class name cpw.mods.fml.common.launcher.FMLTweaker
[18:11:00] [main/INFO] [LaunchWrapper]: Calling tweak class cpw.mods.fml.common.launcher.FMLTweaker
[18:12:05] [main/INFO] [GradleStart]: username: athilenius
[18:12:05] [main/INFO] [GradleStart]: Extra: []
[18:12:05] [main/INFO] [GradleStart]: Running with arguments: [--userProperties, {}, --username, athilenius, --tweakClass, cpw.mods.fml.common.launcher.FMLTweaker, --accessToken, {REDACTED}, --assetIndex, 1.7.10, --assetsDir, /Users/Alec/.gradle/caches/minecraft/assets, --version, 1.7.10]
[18:12:05] [main/INFO] [LaunchWrapper]: Loading tweak class name cpw.mods.fml.common.launcher.FMLTweaker
[18:12:05] [main/INFO] [LaunchWrapper]: Using primary tweak class name cpw.mods.fml.common.launcher.FMLTweaker
[18:12:05] [main/INFO] [LaunchWrapper]: Calling tweak class cpw.mods.fml.common.launcher.FMLTweaker
[18:14:55] [main/INFO] [GradleStart]: username: athilenius
[18:14:55] [main/INFO] [GradleStart]: Extra: []
[18:14:55] [main/INFO] [GradleStart]: Running with arguments: [--userProperties, {}, --username, athilenius, --tweakClass, cpw.mods.fml.common.launcher.FMLTweaker, --accessToken, {REDACTED}, --assetIndex, 1.7.10, --assetsDir, /Users/Alec/.gradle/caches/minecraft/assets, --version, 1.7.10]
[18:14:55] [main/INFO] [LaunchWrapper]: Loading tweak class name cpw.mods.fml.common.launcher.FMLTweaker
[18:14:55] [main/INFO] [LaunchWrapper]: Using primary tweak class name cpw.mods.fml.common.launcher.FMLTweaker
[18:14:55] [main/INFO] [LaunchWrapper]: Calling tweak class cpw.mods.fml.common.launcher.FMLTweaker
